<?xml version="1.0" encoding="UTF-8"?>
<testsuite xmlns:xsi="http://www.w3.org/2001/XMLSchema-instance" xsi:noNamespaceSchemaLocation="https://maven.apache.org/surefire/maven-surefire-plugin/xsd/surefire-test-report-3.0.xsd" version="3.0" name="testRunner.TestRun" time="133.86" tests="6" errors="1" skipped="0" failures="1">
  <properties>
[...]
</properties>
  <testcase name="Add a new Customer" classname="Customers" time="38.134">
    <system-out><![CDATA[
Scenario: Add a new Customer                                                              # Features/Customers.feature:10
  Given User Launch Chrome browser                                                        # stepDefinitions.Steps.user_launch_chrome_browser()
  When User opens URL "http://admin-demo.nopcommerce.com/login"                           # stepDefinitions.Steps.user_opens_url(java.lang.String)
  And User enters Email as "admin@yourstore.com" and Password as "admin"                  # stepDefinitions.Steps.user_enters_email_as_and_password_as(java.lang.String,java.lang.String)
  And Click on Login                                                                      # stepDefinitions.Steps.click_on_login()
  Then User can view Dashboad                                                             # stepDefinitions.Steps.user_can_view_dashboad()
  When User click on customers Menu                                                       # stepDefinitions.Steps.user_click_on_customers_menu()
  And click on customers Menu Item                                                        # stepDefinitions.Steps.click_on_customers_menu_item()
  And click on Add new button                                                             # stepDefinitions.Steps.click_on_add_new_button()
  Then User can view Add new customer page.                                               # stepDefinitions.Steps.user_can_view_add_new_customer_page()
  When User enter customer info                                                           # stepDefinitions.Steps.user_enter_customer_info()
  And click on Save button                                                                # stepDefinitions.Steps.click_on_save_button()
  Then User can view confirmation message "The new customer has been added successfully." # stepDefinitions.Steps.user_can_view_confirmation_message(java.lang.String)
  And close browser                                                                       # stepDefinitions.Steps.close_browser()
]]></system-out>
    <system-err><![CDATA[SLF4J: Failed to load class "org.slf4j.impl.StaticLoggerBinder".
SLF4J: Defaulting to no-operation (NOP) logger implementation
SLF4J: See http://www.slf4j.org/codes.html#StaticLoggerBinder for further details.
Starting ChromeDriver 106.0.5249.61 (511755355844955cd3e264779baf0dd38212a4d0-refs/branch-heads/5249@{#569}) on port 56870
Only local connections are allowed.
Please see https://chromedriver.chromium.org/security-considerations for suggestions on keeping ChromeDriver safe.
ChromeDriver was started successfully.
Oct 16, 2022 8:22:42 PM org.openqa.selenium.remote.ProtocolHandshake createSession
INFO: Detected upstream dialect: W3C
Oct 16, 2022 8:22:42 PM org.openqa.selenium.devtools.CdpVersionFinder findNearestMatch
INFO: Found exact CDP implementation for version 106
Oct 16, 2022 8:23:18 PM org.openqa.selenium.remote.http.WebSocket$Listener onError
WARNING: Connection reset
java.net.SocketException: Connection reset
	at java.base/sun.nio.ch.SocketChannelImpl.throwConnectionReset(SocketChannelImpl.java:394)
	at java.base/sun.nio.ch.SocketChannelImpl.read(SocketChannelImpl.java:426)
	at io.netty.buffer.PooledByteBuf.setBytes(PooledByteBuf.java:258)
	at io.netty.buffer.AbstractByteBuf.writeBytes(AbstractByteBuf.java:1132)
	at io.netty.channel.socket.nio.NioSocketChannel.doReadBytes(NioSocketChannel.java:357)
	at io.netty.channel.nio.AbstractNioByteChannel$NioByteUnsafe.read(AbstractNioByteChannel.java:151)
	at io.netty.channel.nio.NioEventLoop.processSelectedKey(NioEventLoop.java:722)
	at io.netty.channel.nio.NioEventLoop.processSelectedKeysOptimized(NioEventLoop.java:658)
	at io.netty.channel.nio.NioEventLoop.processSelectedKeys(NioEventLoop.java:584)
	at io.netty.channel.nio.NioEventLoop.run(NioEventLoop.java:496)
	at io.netty.util.concurrent.SingleThreadEventExecutor$4.run(SingleThreadEventExecutor.java:997)
	at io.netty.util.internal.ThreadExecutorMap$2.run(ThreadExecutorMap.java:74)
	at io.netty.util.concurrent.FastThreadLocalRunnable.run(FastThreadLocalRunnable.java:30)
	at java.base/java.lang.Thread.run(Thread.java:833)

]]></system-err>
  </testcase>
  <testcase name="Search Customer by EMailID" classname="Customers" time="18.71">
    <system-out><![CDATA[
Scenario: Search Customer by EMailID                                     # Features/Customers.feature:21
  Given User Launch Chrome browser                                       # stepDefinitions.Steps.user_launch_chrome_browser()
  When User opens URL "http://admin-demo.nopcommerce.com/login"          # stepDefinitions.Steps.user_opens_url(java.lang.String)
  And User enters Email as "admin@yourstore.com" and Password as "admin" # stepDefinitions.Steps.user_enters_email_as_and_password_as(java.lang.String,java.lang.String)
  And Click on Login                                                     # stepDefinitions.Steps.click_on_login()
  Then User can view Dashboad                                            # stepDefinitions.Steps.user_can_view_dashboad()
  When User click on customers Menu                                      # stepDefinitions.Steps.user_click_on_customers_menu()
  And click on customers Menu Item                                       # stepDefinitions.Steps.click_on_customers_menu_item()
  And Enter customer EMail                                               # stepDefinitions.Steps.enter_customer_e_mail()
  When Click on search button                                            # stepDefinitions.Steps.click_on_search_button()
FrqcC@gmail.com
  Then User should found Email in the Search table                       # stepDefinitions.Steps.user_should_found_email_in_the_search_table()
  And close browser                                                      # stepDefinitions.Steps.close_browser()
]]></system-out>
    <system-err><![CDATA[Starting ChromeDriver 106.0.5249.61 (511755355844955cd3e264779baf0dd38212a4d0-refs/branch-heads/5249@{#569}) on port 52916
Only local connections are allowed.
Please see https://chromedriver.chromium.org/security-considerations for suggestions on keeping ChromeDriver safe.
ChromeDriver was started successfully.
Oct 16, 2022 8:23:19 PM org.openqa.selenium.remote.ProtocolHandshake createSession
INFO: Detected upstream dialect: W3C
Oct 16, 2022 8:23:19 PM org.openqa.selenium.devtools.CdpVersionFinder findNearestMatch
INFO: Found exact CDP implementation for version 106
Oct 16, 2022 8:23:36 PM org.openqa.selenium.remote.http.WebSocket$Listener onError
WARNING: Connection reset
java.net.SocketException: Connection reset
	at java.base/sun.nio.ch.SocketChannelImpl.throwConnectionReset(SocketChannelImpl.java:394)
	at java.base/sun.nio.ch.SocketChannelImpl.read(SocketChannelImpl.java:426)
	at io.netty.buffer.PooledByteBuf.setBytes(PooledByteBuf.java:258)
	at io.netty.buffer.AbstractByteBuf.writeBytes(AbstractByteBuf.java:1132)
	at io.netty.channel.socket.nio.NioSocketChannel.doReadBytes(NioSocketChannel.java:357)
	at io.netty.channel.nio.AbstractNioByteChannel$NioByteUnsafe.read(AbstractNioByteChannel.java:151)
	at io.netty.channel.nio.NioEventLoop.processSelectedKey(NioEventLoop.java:722)
	at io.netty.channel.nio.NioEventLoop.processSelectedKeysOptimized(NioEventLoop.java:658)
	at io.netty.channel.nio.NioEventLoop.processSelectedKeys(NioEventLoop.java:584)
	at io.netty.channel.nio.NioEventLoop.run(NioEventLoop.java:496)
	at io.netty.util.concurrent.SingleThreadEventExecutor$4.run(SingleThreadEventExecutor.java:997)
	at io.netty.util.internal.ThreadExecutorMap$2.run(ThreadExecutorMap.java:74)
	at io.netty.util.concurrent.FastThreadLocalRunnable.run(FastThreadLocalRunnable.java:30)
	at java.base/java.lang.Thread.run(Thread.java:833)

]]></system-err>
  </testcase>
  <testcase name="Search Customer by Name" classname="Customers" time="19.717">
    <system-out><![CDATA[
Scenario: Search Customer by Name                                        # Features/Customers.feature:31
  Given User Launch Chrome browser                                       # stepDefinitions.Steps.user_launch_chrome_browser()
  When User opens URL "http://admin-demo.nopcommerce.com/login"          # stepDefinitions.Steps.user_opens_url(java.lang.String)
  And User enters Email as "admin@yourstore.com" and Password as "admin" # stepDefinitions.Steps.user_enters_email_as_and_password_as(java.lang.String,java.lang.String)
  And Click on Login                                                     # stepDefinitions.Steps.click_on_login()
  Then User can view Dashboad                                            # stepDefinitions.Steps.user_can_view_dashboad()
  When User click on customers Menu                                      # stepDefinitions.Steps.user_click_on_customers_menu()
  And click on customers Menu Item                                       # stepDefinitions.Steps.click_on_customers_menu_item()
  And Enter customer FirstName                                           # stepDefinitions.Steps.enter_customer_first_name()
  And Enter customer LastName                                            # stepDefinitions.Steps.enter_customer_last_name()
  When Click on search button                                            # stepDefinitions.Steps.click_on_search_button()
  Then User should found Name in the Search table                        # stepDefinitions.Steps.user_should_found_name_in_the_search_table()
  And close browser                                                      # stepDefinitions.Steps.close_browser()
]]></system-out>
    <system-err><![CDATA[Starting ChromeDriver 106.0.5249.61 (511755355844955cd3e264779baf0dd38212a4d0-refs/branch-heads/5249@{#569}) on port 59585
Only local connections are allowed.
Please see https://chromedriver.chromium.org/security-considerations for suggestions on keeping ChromeDriver safe.
ChromeDriver was started successfully.
Oct 16, 2022 8:23:38 PM org.openqa.selenium.remote.ProtocolHandshake createSession
INFO: Detected upstream dialect: W3C
Oct 16, 2022 8:23:38 PM org.openqa.selenium.devtools.CdpVersionFinder findNearestMatch
INFO: Found exact CDP implementation for version 106
Oct 16, 2022 8:23:56 PM org.openqa.selenium.remote.http.WebSocket$Listener onError
WARNING: Connection reset
java.net.SocketException: Connection reset
	at java.base/sun.nio.ch.SocketChannelImpl.throwConnectionReset(SocketChannelImpl.java:394)
	at java.base/sun.nio.ch.SocketChannelImpl.read(SocketChannelImpl.java:426)
	at io.netty.buffer.PooledByteBuf.setBytes(PooledByteBuf.java:258)
	at io.netty.buffer.AbstractByteBuf.writeBytes(AbstractByteBuf.java:1132)
	at io.netty.channel.socket.nio.NioSocketChannel.doReadBytes(NioSocketChannel.java:357)
	at io.netty.channel.nio.AbstractNioByteChannel$NioByteUnsafe.read(AbstractNioByteChannel.java:151)
	at io.netty.channel.nio.NioEventLoop.processSelectedKey(NioEventLoop.java:722)
	at io.netty.channel.nio.NioEventLoop.processSelectedKeysOptimized(NioEventLoop.java:658)
	at io.netty.channel.nio.NioEventLoop.processSelectedKeys(NioEventLoop.java:584)
	at io.netty.channel.nio.NioEventLoop.run(NioEventLoop.java:496)
	at io.netty.util.concurrent.SingleThreadEventExecutor$4.run(SingleThreadEventExecutor.java:997)
	at io.netty.util.internal.ThreadExecutorMap$2.run(ThreadExecutorMap.java:74)
	at io.netty.util.concurrent.FastThreadLocalRunnable.run(FastThreadLocalRunnable.java:30)
	at java.base/java.lang.Thread.run(Thread.java:833)

]]></system-err>
  </testcase>
  <testcase name="Successful Login with Valid Credentials" classname="Login" time="9.033">
    <error message="element click intercepted: Element &lt;a class=&quot;nav-link&quot; href=&quot;/logout&quot;&gt;...&lt;/a&gt; is not clickable at point (1800, 28). Other element would receive the click: &lt;div id=&quot;ajaxBusy&quot; style=&quot;display: block;&quot;&gt;...&lt;/div&gt;&#10;  (Session info: chrome=106.0.5249.119)&#10;Build info: version: &apos;4.5.0&apos;, revision: &apos;fe167b119a&apos;&#10;System info: os.name: &apos;Windows 11&apos;, os.arch: &apos;amd64&apos;, os.version: &apos;10.0&apos;, java.version: &apos;17.0.4.1&apos;&#10;Driver info: org.openqa.selenium.chrome.ChromeDriver&#10;Command: [99a7324bb58d075794c9118357dadd70, clickElement {id=a95463c8-7b08-4b59-817f-7bca9c8a33cf}]&#10;Capabilities {acceptInsecureCerts: false, browserName: chrome, browserVersion: 106.0.5249.119, chrome: {chromedriverVersion: 106.0.5249.61 (511755355844..., userDataDir: C:\Users\prajeshp\AppData\L...}, goog:chromeOptions: {debuggerAddress: localhost:49879}, networkConnectionEnabled: false, pageLoadStrategy: normal, platformName: WINDOWS, proxy: Proxy(), se:cdp: ws://localhost:49879/devtoo..., se:cdpVersion: 106.0.5249.119, setWindowRect: true, strictFileInteractability: false, timeouts: {implicit: 0, pageLoad: 300000, script: 30000}, unhandledPromptBehavior: dismiss and notify, webauthn:extension:credBlob: true, webauthn:extension:largeBlob: true, webauthn:virtualAuthenticators: true}&#10;Element: [[ChromeDriver: chrome on WINDOWS (99a7324bb58d075794c9118357dadd70)] -&gt; link text: Logout]&#10;Session ID: 99a7324bb58d075794c9118357dadd70" type="org.openqa.selenium.ElementClickInterceptedException"><![CDATA[org.openqa.selenium.ElementClickInterceptedException: 
element click intercepted: Element <a class="nav-link" href="/logout">...</a> is not clickable at point (1800, 28). Other element would receive the click: <div id="ajaxBusy" style="display: block;">...</div>
  (Session info: chrome=106.0.5249.119)
Build info: version: '4.5.0', revision: 'fe167b119a'
System info: os.name: 'Windows 11', os.arch: 'amd64', os.version: '10.0', java.version: '17.0.4.1'
Driver info: org.openqa.selenium.chrome.ChromeDriver
Command: [99a7324bb58d075794c9118357dadd70, clickElement {id=a95463c8-7b08-4b59-817f-7bca9c8a33cf}]
Capabilities {acceptInsecureCerts: false, browserName: chrome, browserVersion: 106.0.5249.119, chrome: {chromedriverVersion: 106.0.5249.61 (511755355844..., userDataDir: C:\Users\prajeshp\AppData\L...}, goog:chromeOptions: {debuggerAddress: localhost:49879}, networkConnectionEnabled: false, pageLoadStrategy: normal, platformName: WINDOWS, proxy: Proxy(), se:cdp: ws://localhost:49879/devtoo..., se:cdpVersion: 106.0.5249.119, setWindowRect: true, strictFileInteractability: false, timeouts: {implicit: 0, pageLoad: 300000, script: 30000}, unhandledPromptBehavior: dismiss and notify, webauthn:extension:credBlob: true, webauthn:extension:largeBlob: true, webauthn:virtualAuthenticators: true}
Element: [[ChromeDriver: chrome on WINDOWS (99a7324bb58d075794c9118357dadd70)] -> link text: Logout]
Session ID: 99a7324bb58d075794c9118357dadd70
	at java.base/jdk.internal.reflect.NativeConstructorAccessorImpl.newInstance0(Native Method)
	at java.base/jdk.internal.reflect.NativeConstructorAccessorImpl.newInstance(NativeConstructorAccessorImpl.java:77)
	at java.base/jdk.internal.reflect.DelegatingConstructorAccessorImpl.newInstance(DelegatingConstructorAccessorImpl.java:45)
	at java.base/java.lang.reflect.Constructor.newInstanceWithCaller(Constructor.java:499)
	at java.base/java.lang.reflect.Constructor.newInstance(Constructor.java:480)
	at org.openqa.selenium.remote.codec.w3c.W3CHttpResponseCodec.createException(W3CHttpResponseCodec.java:200)
	at org.openqa.selenium.remote.codec.w3c.W3CHttpResponseCodec.decode(W3CHttpResponseCodec.java:133)
	at org.openqa.selenium.remote.codec.w3c.W3CHttpResponseCodec.decode(W3CHttpResponseCodec.java:53)
	at org.openqa.selenium.remote.HttpCommandExecutor.execute(HttpCommandExecutor.java:184)
	at org.openqa.selenium.remote.service.DriverCommandExecutor.invokeExecute(DriverCommandExecutor.java:167)
	at org.openqa.selenium.remote.service.DriverCommandExecutor.execute(DriverCommandExecutor.java:142)
	at org.openqa.selenium.remote.RemoteWebDriver.execute(RemoteWebDriver.java:547)
	at org.openqa.selenium.remote.RemoteWebElement.execute(RemoteWebElement.java:257)
	at org.openqa.selenium.remote.RemoteWebElement.click(RemoteWebElement.java:78)
	at java.base/jdk.internal.reflect.NativeMethodAccessorImpl.invoke0(Native Method)
	at java.base/jdk.internal.reflect.NativeMethodAccessorImpl.invoke(NativeMethodAccessorImpl.java:77)
	at java.base/jdk.internal.reflect.DelegatingMethodAccessorImpl.invoke(DelegatingMethodAccessorImpl.java:43)
	at java.base/java.lang.reflect.Method.invoke(Method.java:568)
	at org.openqa.selenium.support.pagefactory.internal.LocatingElementHandler.invoke(LocatingElementHandler.java:52)
	at jdk.proxy2/jdk.proxy2.$Proxy23.click(Unknown Source)
	at pageObjects.LoginPage.clickLogout(LoginPage.java:48)
	at stepDefinitions.Steps.user_click_on_log_out_link(Steps.java:58)
	at ✽.User click on Log out link(file:///C:/Users/prajeshp/eclipse-workspace/CucumberDemo/Features/Login.feature:10)
]]></error>
    <system-out><![CDATA[
Scenario: Successful Login with Valid Credentials                        # Features/Login.feature:3
  Given User Launch Chrome browser                                       # stepDefinitions.Steps.user_launch_chrome_browser()
  When User opens URL "http://admin-demo.nopcommerce.com/login"          # stepDefinitions.Steps.user_opens_url(java.lang.String)
  And User enters Email as "admin@yourstore.com" and Password as "admin" # stepDefinitions.Steps.user_enters_email_as_and_password_as(java.lang.String,java.lang.String)
  And Click on Login                                                     # stepDefinitions.Steps.click_on_login()
  Then Page Title should be "Dashboard / nopCommerce administration"     # stepDefinitions.Steps.page_title_should_be(java.lang.String)
  When User click on Log out link                                        # stepDefinitions.Steps.user_click_on_log_out_link()
      org.openqa.selenium.ElementClickInterceptedException: element click intercepted: Element <a class="nav-link" href="/logout">...</a> is not clickable at point (1800, 28). Other element would receive the click: <div id="ajaxBusy" style="display: block;">...</div>
  (Session info: chrome=106.0.5249.119)
Build info: version: '4.5.0', revision: 'fe167b119a'
System info: os.name: 'Windows 11', os.arch: 'amd64', os.version: '10.0', java.version: '17.0.4.1'
Driver info: org.openqa.selenium.chrome.ChromeDriver
Command: [99a7324bb58d075794c9118357dadd70, clickElement {id=a95463c8-7b08-4b59-817f-7bca9c8a33cf}]
Capabilities {acceptInsecureCerts: false, browserName: chrome, browserVersion: 106.0.5249.119, chrome: {chromedriverVersion: 106.0.5249.61 (511755355844..., userDataDir: C:\Users\prajeshp\AppData\L...}, goog:chromeOptions: {debuggerAddress: localhost:49879}, networkConnectionEnabled: false, pageLoadStrategy: normal, platformName: WINDOWS, proxy: Proxy(), se:cdp: ws://localhost:49879/devtoo..., se:cdpVersion: 106.0.5249.119, setWindowRect: true, strictFileInteractability: false, timeouts: {implicit: 0, pageLoad: 300000, script: 30000}, unhandledPromptBehavior: dismiss and notify, webauthn:extension:credBlob: true, webauthn:extension:largeBlob: true, webauthn:virtualAuthenticators: true}
Element: [[ChromeDriver: chrome on WINDOWS (99a7324bb58d075794c9118357dadd70)] -> link text: Logout]
Session ID: 99a7324bb58d075794c9118357dadd70
	at java.base/jdk.internal.reflect.NativeConstructorAccessorImpl.newInstance0(Native Method)
	at java.base/jdk.internal.reflect.NativeConstructorAccessorImpl.newInstance(NativeConstructorAccessorImpl.java:77)
	at java.base/jdk.internal.reflect.DelegatingConstructorAccessorImpl.newInstance(DelegatingConstructorAccessorImpl.java:45)
	at java.base/java.lang.reflect.Constructor.newInstanceWithCaller(Constructor.java:499)
	at java.base/java.lang.reflect.Constructor.newInstance(Constructor.java:480)
	at org.openqa.selenium.remote.codec.w3c.W3CHttpResponseCodec.createException(W3CHttpResponseCodec.java:200)
	at org.openqa.selenium.remote.codec.w3c.W3CHttpResponseCodec.decode(W3CHttpResponseCodec.java:133)
	at org.openqa.selenium.remote.codec.w3c.W3CHttpResponseCodec.decode(W3CHttpResponseCodec.java:53)
	at org.openqa.selenium.remote.HttpCommandExecutor.execute(HttpCommandExecutor.java:184)
	at org.openqa.selenium.remote.service.DriverCommandExecutor.invokeExecute(DriverCommandExecutor.java:167)
	at org.openqa.selenium.remote.service.DriverCommandExecutor.execute(DriverCommandExecutor.java:142)
	at org.openqa.selenium.remote.RemoteWebDriver.execute(RemoteWebDriver.java:547)
	at org.openqa.selenium.remote.RemoteWebElement.execute(RemoteWebElement.java:257)
	at org.openqa.selenium.remote.RemoteWebElement.click(RemoteWebElement.java:78)
	at java.base/jdk.internal.reflect.NativeMethodAccessorImpl.invoke0(Native Method)
	at java.base/jdk.internal.reflect.NativeMethodAccessorImpl.invoke(NativeMethodAccessorImpl.java:77)
	at java.base/jdk.internal.reflect.DelegatingMethodAccessorImpl.invoke(DelegatingMethodAccessorImpl.java:43)
	at java.base/java.lang.reflect.Method.invoke(Method.java:568)
	at org.openqa.selenium.support.pagefactory.internal.LocatingElementHandler.invoke(LocatingElementHandler.java:52)
	at jdk.proxy2/jdk.proxy2.$Proxy23.click(Unknown Source)
	at pageObjects.LoginPage.clickLogout(LoginPage.java:48)
	at stepDefinitions.Steps.user_click_on_log_out_link(Steps.java:58)
	at âœ½.User click on Log out link(file:///C:/Users/prajeshp/eclipse-workspace/CucumberDemo/Features/Login.feature:10)

  Then Page Title should be "Your store. Login"                          # stepDefinitions.Steps.page_title_should_be(java.lang.String)
  And close browser                                                      # stepDefinitions.Steps.close_browser()
]]></system-out>
    <system-err><![CDATA[Starting ChromeDriver 106.0.5249.61 (511755355844955cd3e264779baf0dd38212a4d0-refs/branch-heads/5249@{#569}) on port 53165
Only local connections are allowed.
Please see https://chromedriver.chromium.org/security-considerations for suggestions on keeping ChromeDriver safe.
ChromeDriver was started successfully.
Oct 16, 2022 8:23:58 PM org.openqa.selenium.remote.ProtocolHandshake createSession
INFO: Detected upstream dialect: W3C
Oct 16, 2022 8:23:58 PM org.openqa.selenium.devtools.CdpVersionFinder findNearestMatch
INFO: Found exact CDP implementation for version 106
]]></system-err>
  </testcase>
  <testcase name="Login Data Driven #1" classname="Login" time="25.997">
    <system-out><![CDATA[
Scenario Outline: Login Data Driven                                      # Features/Login.feature:26
  Given User Launch Chrome browser                                       # stepDefinitions.Steps.user_launch_chrome_browser()
  When User opens URL "http://admin-demo.nopcommerce.com/login"          # stepDefinitions.Steps.user_opens_url(java.lang.String)
  And User enters Email as "admin@yourstore.com" and Password as "admin" # stepDefinitions.Steps.user_enters_email_as_and_password_as(java.lang.String,java.lang.String)
  And Click on Login                                                     # stepDefinitions.Steps.click_on_login()
  Then Page Title should be "Dashboard / nopCommerce administration"     # stepDefinitions.Steps.page_title_should_be(java.lang.String)
  When User click on Log out link                                        # stepDefinitions.Steps.user_click_on_log_out_link()
  Then Page Title should be "Your store. Login"                          # stepDefinitions.Steps.page_title_should_be(java.lang.String)
  And close browser                                                      # stepDefinitions.Steps.close_browser()
]]></system-out>
    <system-err><![CDATA[Starting ChromeDriver 106.0.5249.61 (511755355844955cd3e264779baf0dd38212a4d0-refs/branch-heads/5249@{#569}) on port 54711
Only local connections are allowed.
Please see https://chromedriver.chromium.org/security-considerations for suggestions on keeping ChromeDriver safe.
ChromeDriver was started successfully.
Oct 16, 2022 8:24:06 PM org.openqa.selenium.remote.ProtocolHandshake createSession
INFO: Detected upstream dialect: W3C
Oct 16, 2022 8:24:06 PM org.openqa.selenium.devtools.CdpVersionFinder findNearestMatch
INFO: Found exact CDP implementation for version 106
[1665932059.563][WARNING]: Timed out connecting to Chrome, retrying...
[1665932067.650][WARNING]: Timed out connecting to Chrome, retrying...
]]></system-err>
  </testcase>
  <testcase name="Login Data Driven #2" classname="Login" time="20.12">
    <failure type="java.lang.AssertionError"><![CDATA[java.lang.AssertionError
	at org.junit.Assert.fail(Assert.java:87)
	at org.junit.Assert.assertTrue(Assert.java:42)
	at org.junit.Assert.assertTrue(Assert.java:53)
	at stepDefinitions.Steps.page_title_should_be(Steps.java:49)
	at ✽.Page Title should be "Dashboard / nopCommerce administration"(file:///C:/Users/prajeshp/eclipse-workspace/CucumberDemo/Features/Login.feature:19)
]]></failure>
    <system-out><![CDATA[
Scenario Outline: Login Data Driven                                          # Features/Login.feature:27
  Given User Launch Chrome browser                                           # stepDefinitions.Steps.user_launch_chrome_browser()
  When User opens URL "http://admin-demo.nopcommerce.com/login"              # stepDefinitions.Steps.user_opens_url(java.lang.String)
  And User enters Email as "admin1@yourstore.com" and Password as "admin123" # stepDefinitions.Steps.user_enters_email_as_and_password_as(java.lang.String,java.lang.String)
  And Click on Login                                                         # stepDefinitions.Steps.click_on_login()
  Then Page Title should be "Dashboard / nopCommerce administration"         # stepDefinitions.Steps.page_title_should_be(java.lang.String)
      java.lang.AssertionError
	at org.junit.Assert.fail(Assert.java:87)
	at org.junit.Assert.assertTrue(Assert.java:42)
	at org.junit.Assert.assertTrue(Assert.java:53)
	at stepDefinitions.Steps.page_title_should_be(Steps.java:49)
	at âœ½.Page Title should be "Dashboard / nopCommerce administration"(file:///C:/Users/prajeshp/eclipse-workspace/CucumberDemo/Features/Login.feature:19)

  When User click on Log out link                                            # stepDefinitions.Steps.user_click_on_log_out_link()
  Then Page Title should be "Your store. Login"                              # stepDefinitions.Steps.page_title_should_be(java.lang.String)
  And close browser                                                          # stepDefinitions.Steps.close_browser()
]]></system-out>
    <system-err><![CDATA[Starting ChromeDriver 106.0.5249.61 (511755355844955cd3e264779baf0dd38212a4d0-refs/branch-heads/5249@{#569}) on port 55324
Only local connections are allowed.
Please see https://chromedriver.chromium.org/security-considerations for suggestions on keeping ChromeDriver safe.
ChromeDriver was started successfully.
Oct 16, 2022 8:24:32 PM org.openqa.selenium.remote.ProtocolHandshake createSession
INFO: Detected upstream dialect: W3C
Oct 16, 2022 8:24:32 PM org.openqa.selenium.devtools.CdpVersionFinder findNearestMatch
INFO: Found exact CDP implementation for version 106
[1665932079.700][WARNING]: Timed out connecting to Chrome, retrying...
[1665932087.754][WARNING]: Timed out connecting to Chrome, retrying...
]]></system-err>
  </testcase>
</testsuite>